<?xml version="1.0" encoding="UTF-8"?>
<coverage generated="1660557681066" clover="3.2.0">
  <project timestamp="1660557681066" name="All files">
    <metrics statements="76" coveredstatements="75" conditionals="59" coveredconditionals="49" methods="23" coveredmethods="23" elements="158" coveredelements="147" complexity="0" loc="76" ncloc="76" packages="4" files="4" classes="4"/>
    <package name="repositories.EnterpriseRepository">
      <metrics statements="19" coveredstatements="18" conditionals="5" coveredconditionals="5" methods="6" coveredmethods="6"/>
      <file name="enterprise.repository.ts" path="/Users/lorenzoimperatrice/Documents/coding/digital-humani-js-sdk/src/repositories/EnterpriseRepository/enterprise.repository.ts">
        <metrics statements="19" coveredstatements="18" conditionals="5" coveredconditionals="5" methods="6" coveredmethods="6"/>
        <line num="9" count="1" type="stmt"/>
        <line num="10" count="7" type="stmt"/>
        <line num="12" count="7" type="stmt"/>
        <line num="13" count="2" type="stmt"/>
        <line num="16" count="7" type="stmt"/>
        <line num="17" count="5" type="stmt"/>
        <line num="18" count="5" type="stmt"/>
        <line num="19" count="5" type="stmt"/>
        <line num="20" count="5" type="stmt"/>
        <line num="22" count="5" type="cond" truecount="2" falsecount="0"/>
        <line num="23" count="2" type="stmt"/>
        <line num="24" count="3" type="cond" truecount="3" falsecount="0"/>
        <line num="25" count="3" type="stmt"/>
        <line num="28" count="0" type="stmt"/>
        <line num="33" count="7" type="stmt"/>
        <line num="37" count="2" type="stmt"/>
        <line num="42" count="7" type="stmt"/>
        <line num="47" count="3" type="stmt"/>
        <line num="54" count="1" type="stmt"/>
      </file>
    </package>
    <package name="repositories.ProjectRepository">
      <metrics statements="7" coveredstatements="7" conditionals="0" coveredconditionals="0" methods="5" coveredmethods="5"/>
      <file name="project.repository.ts" path="/Users/lorenzoimperatrice/Documents/coding/digital-humani-js-sdk/src/repositories/ProjectRepository/project.repository.ts">
        <metrics statements="7" coveredstatements="7" conditionals="0" coveredconditionals="0" methods="5" coveredmethods="5"/>
        <line num="5" count="1" type="stmt"/>
        <line num="6" count="4" type="stmt"/>
        <line num="8" count="4" type="stmt"/>
        <line num="9" count="2" type="stmt"/>
        <line num="12" count="4" type="stmt"/>
        <line num="13" count="2" type="stmt"/>
        <line num="15" count="1" type="stmt"/>
      </file>
    </package>
    <package name="repositories.TreeRepository">
      <metrics statements="11" coveredstatements="11" conditionals="0" coveredconditionals="0" methods="5" coveredmethods="5"/>
      <file name="tree.repository.ts" path="/Users/lorenzoimperatrice/Documents/coding/digital-humani-js-sdk/src/repositories/TreeRepository/tree.repository.ts">
        <metrics statements="11" coveredstatements="11" conditionals="0" coveredconditionals="0" methods="5" coveredmethods="5"/>
        <line num="11" count="1" type="stmt"/>
        <line num="12" count="8" type="stmt"/>
        <line num="14" count="8" type="stmt"/>
        <line num="15" count="3" type="stmt"/>
        <line num="16" count="3" type="stmt"/>
        <line num="18" count="3" type="stmt"/>
        <line num="26" count="8" type="stmt"/>
        <line num="27" count="3" type="stmt"/>
        <line num="30" count="8" type="stmt"/>
        <line num="31" count="2" type="stmt"/>
        <line num="33" count="1" type="stmt"/>
      </file>
    </package>
    <package name="services.HttpClient">
      <metrics statements="39" coveredstatements="39" conditionals="54" coveredconditionals="44" methods="7" coveredmethods="7"/>
      <file name="HttpClient.ts" path="/Users/lorenzoimperatrice/Documents/coding/digital-humani-js-sdk/src/services/HttpClient/HttpClient.ts">
        <metrics statements="39" coveredstatements="39" conditionals="54" coveredconditionals="44" methods="7" coveredmethods="7"/>
        <line num="1" count="1" type="stmt"/>
        <line num="23" count="1" type="stmt"/>
        <line num="31" count="29" type="stmt"/>
        <line num="32" count="29" type="stmt"/>
        <line num="33" count="29" type="stmt"/>
        <line num="35" count="29" type="cond" truecount="3" falsecount="0"/>
        <line num="36" count="1" type="stmt"/>
        <line num="41" count="28" type="cond" truecount="1" falsecount="0"/>
        <line num="42" count="1" type="stmt"/>
        <line num="49" count="27" type="cond" truecount="2" falsecount="0"/>
        <line num="50" count="26" type="stmt"/>
        <line num="52" count="1" type="stmt"/>
        <line num="55" count="27" type="cond" truecount="6" falsecount="2"/>
        <line num="56" count="27" type="stmt"/>
        <line num="57" count="27" type="stmt"/>
        <line num="58" count="27" type="stmt"/>
        <line num="64" count="29" type="stmt"/>
        <line num="66" count="6" type="cond" truecount="1" falsecount="0"/>
        <line num="68" count="4" type="stmt"/>
        <line num="69" count="4" type="stmt"/>
        <line num="73" count="4" type="stmt"/>
        <line num="76" count="29" type="stmt"/>
        <line num="78" count="6" type="cond" truecount="1" falsecount="0"/>
        <line num="80" count="4" type="cond" truecount="4" falsecount="1"/>
        <line num="84" count="4" type="stmt"/>
        <line num="87" count="29" type="stmt"/>
        <line num="89" count="6" type="cond" truecount="1" falsecount="0"/>
        <line num="91" count="4" type="cond" truecount="4" falsecount="1"/>
        <line num="95" count="4" type="stmt"/>
        <line num="98" count="29" type="stmt"/>
        <line num="100" count="6" type="cond" truecount="1" falsecount="0"/>
        <line num="102" count="4" type="cond" truecount="4" falsecount="1"/>
        <line num="106" count="4" type="stmt"/>
        <line num="109" count="29" type="stmt"/>
        <line num="111" count="6" type="cond" truecount="1" falsecount="0"/>
        <line num="113" count="4" type="stmt"/>
        <line num="114" count="4" type="stmt"/>
        <line num="119" count="4" type="stmt"/>
        <line num="121" count="1" type="stmt"/>
      </file>
    </package>
  </project>
</coverage>
