{"total": {"lines":{"total":81,"covered":80,"skipped":0,"pct":98.76},"statements":{"total":99,"covered":98,"skipped":0,"pct":98.98},"functions":{"total":26,"covered":26,"skipped":0,"pct":100},"branches":{"total":59,"covered":49,"skipped":0,"pct":83.05},"branchesTrue":{"total":0,"covered":0,"skipped":0,"pct":100}}
,"/Users/lorenzoimperatrice/Documents/coding/digital-humani-js-sdk/src/repositories/EnterpriseRepository/enterprise.repository.ts": {"lines":{"total":19,"covered":18,"skipped":0,"pct":94.73},"functions":{"total":6,"covered":6,"skipped":0,"pct":100},"statements":{"total":21,"covered":20,"skipped":0,"pct":95.23},"branches":{"total":5,"covered":5,"skipped":0,"pct":100}}
,"/Users/lorenzoimperatrice/Documents/coding/digital-humani-js-sdk/src/repositories/ProjectRepository/project.repository.ts": {"lines":{"total":7,"covered":7,"skipped":0,"pct":100},"functions":{"total":5,"covered":5,"skipped":0,"pct":100},"statements":{"total":11,"covered":11,"skipped":0,"pct":100},"branches":{"total":0,"covered":0,"skipped":0,"pct":100}}
,"/Users/lorenzoimperatrice/Documents/coding/digital-humani-js-sdk/src/repositories/TreeRepository/tree.repository.ts": {"lines":{"total":11,"covered":11,"skipped":0,"pct":100},"functions":{"total":5,"covered":5,"skipped":0,"pct":100},"statements":{"total":14,"covered":14,"skipped":0,"pct":100},"branches":{"total":0,"covered":0,"skipped":0,"pct":100}}
,"/Users/lorenzoimperatrice/Documents/coding/digital-humani-js-sdk/src/repositories/UserRepository/user.repository.ts": {"lines":{"total":5,"covered":5,"skipped":0,"pct":100},"functions":{"total":3,"covered":3,"skipped":0,"pct":100},"statements":{"total":8,"covered":8,"skipped":0,"pct":100},"branches":{"total":0,"covered":0,"skipped":0,"pct":100}}
,"/Users/lorenzoimperatrice/Documents/coding/digital-humani-js-sdk/src/services/HttpClient/HttpClient.ts": {"lines":{"total":39,"covered":39,"skipped":0,"pct":100},"functions":{"total":7,"covered":7,"skipped":0,"pct":100},"statements":{"total":45,"covered":45,"skipped":0,"pct":100},"branches":{"total":54,"covered":44,"skipped":0,"pct":81.48}}
}
