{"/Users/lorenzoimperatrice/Documents/coding/digital-humani-js-sdk/src/repositories/EnterpriseRepository/enterprise.repository.ts": {"path":"/Users/lorenzoimperatrice/Documents/coding/digital-humani-js-sdk/src/repositories/EnterpriseRepository/enterprise.repository.ts","statementMap":{"0":{"start":{"line":9,"column":0},"end":{"line":9,"column":13}},"1":{"start":{"line":10,"column":2},"end":{"line":10,"column":22}},"2":{"start":{"line":10,"column":22},"end":{"line":10,"column":45}},"3":{"start":{"line":12,"column":18},"end":{"line":14,"column":4}},"4":{"start":{"line":13,"column":4},"end":{"line":13,"column":74}},"5":{"start":{"line":16,"column":18},"end":{"line":31,"column":4}},"6":{"start":{"line":17,"column":11},"end":{"line":17,"column":null}},"7":{"start":{"line":18,"column":16},"end":{"line":18,"column":null}},"8":{"start":{"line":19,"column":9},"end":{"line":19,"column":null}},"9":{"start":{"line":20,"column":13},"end":{"line":20,"column":null}},"10":{"start":{"line":22,"column":4},"end":{"line":26,"column":null}},"11":{"start":{"line":23,"column":6},"end":{"line":23,"column":59}},"12":{"start":{"line":24,"column":11},"end":{"line":26,"column":null}},"13":{"start":{"line":25,"column":6},"end":{"line":25,"column":76}},"14":{"start":{"line":28,"column":4},"end":{"line":30,"column":6}},"15":{"start":{"line":33,"column":19},"end":{"line":40,"column":4}},"16":{"start":{"line":37,"column":4},"end":{"line":39,"column":6}},"17":{"start":{"line":42,"column":19},"end":{"line":53,"column":4}},"18":{"start":{"line":47,"column":4},"end":{"line":52,"column":7}},"19":{"start":{"line":54,"column":0},"end":{"line":54,"column":null}},"20":{"start":{"line":9,"column":13},"end":{"line":9,"column":33}}},"fnMap":{"0":{"name":"(anonymous_0)","decl":{"start":{"line":9,"column":0},"end":{"line":9,"column":13}},"loc":{"start":{"line":9,"column":0},"end":{"line":54,"column":null}}},"1":{"name":"EnterpriseRepository","decl":{"start":{"line":10,"column":2},"end":{"line":10,"column":22}},"loc":{"start":{"line":10,"column":45},"end":{"line":10,"column":49}}},"2":{"name":"(anonymous_2)","decl":{"start":{"line":12,"column":34},"end":{"line":12,"column":35}},"loc":{"start":{"line":12,"column":55},"end":{"line":14,"column":3}}},"3":{"name":"(anonymous_3)","decl":{"start":{"line":16,"column":33},"end":{"line":16,"column":34}},"loc":{"start":{"line":21,"column":24},"end":{"line":31,"column":3}}},"4":{"name":"(anonymous_4)","decl":{"start":{"line":33,"column":41},"end":{"line":33,"column":null}},"loc":{"start":{"line":35,"column":17},"end":{"line":40,"column":3}}},"5":{"name":"(anonymous_5)","decl":{"start":{"line":42,"column":45},"end":{"line":42,"column":null}},"loc":{"start":{"line":45,"column":19},"end":{"line":53,"column":3}}}},"branchMap":{"0":{"loc":{"start":{"line":22,"column":4},"end":{"line":26,"column":null}},"type":"if","locations":[{"start":{"line":22,"column":4},"end":{"line":26,"column":null}},{"start":{"line":24,"column":11},"end":{"line":26,"column":null}}]},"1":{"loc":{"start":{"line":24,"column":11},"end":{"line":26,"column":null}},"type":"if","locations":[{"start":{"line":24,"column":11},"end":{"line":26,"column":null}}]},"2":{"loc":{"start":{"line":24,"column":15},"end":{"line":24,"column":35}},"type":"binary-expr","locations":[{"start":{"line":24,"column":15},"end":{"line":24,"column":24}},{"start":{"line":24,"column":28},"end":{"line":24,"column":35}}]}},"s":{"0":1,"1":7,"2":7,"3":7,"4":2,"5":7,"6":5,"7":5,"8":5,"9":5,"10":5,"11":2,"12":3,"13":3,"14":0,"15":7,"16":2,"17":7,"18":3,"19":1,"20":1},"f":{"0":1,"1":7,"2":2,"3":5,"4":2,"5":3},"b":{"0":[2,3],"1":[3],"2":[3,3]}}
,"/Users/lorenzoimperatrice/Documents/coding/digital-humani-js-sdk/src/repositories/ProjectRepository/project.repository.ts": {"path":"/Users/lorenzoimperatrice/Documents/coding/digital-humani-js-sdk/src/repositories/ProjectRepository/project.repository.ts","statementMap":{"0":{"start":{"line":5,"column":0},"end":{"line":5,"column":13}},"1":{"start":{"line":6,"column":2},"end":{"line":6,"column":22}},"2":{"start":{"line":6,"column":22},"end":{"line":6,"column":45}},"3":{"start":{"line":8,"column":18},"end":{"line":10,"column":4}},"4":{"start":{"line":8,"column":32},"end":{"line":10,"column":4}},"5":{"start":{"line":9,"column":4},"end":{"line":9,"column":61}},"6":{"start":{"line":12,"column":18},"end":{"line":14,"column":4}},"7":{"start":{"line":12,"column":62},"end":{"line":14,"column":4}},"8":{"start":{"line":13,"column":4},"end":{"line":13,"column":65}},"9":{"start":{"line":15,"column":0},"end":{"line":15,"column":null}},"10":{"start":{"line":5,"column":13},"end":{"line":5,"column":30}}},"fnMap":{"0":{"name":"(anonymous_13)","decl":{"start":{"line":5,"column":0},"end":{"line":5,"column":13}},"loc":{"start":{"line":5,"column":0},"end":{"line":15,"column":null}}},"1":{"name":"ProjectRepository","decl":{"start":{"line":6,"column":2},"end":{"line":6,"column":22}},"loc":{"start":{"line":6,"column":45},"end":{"line":6,"column":49}}},"2":{"name":"(anonymous_15)","decl":{"start":{"line":8,"column":32},"end":{"line":8,"column":null}},"loc":{"start":{"line":8,"column":32},"end":{"line":10,"column":4}}},"3":{"name":"(anonymous_18)","decl":{"start":{"line":12,"column":38},"end":{"line":12,"column":45}},"loc":{"start":{"line":12,"column":62},"end":{"line":14,"column":4}}},"4":{"name":"(anonymous_19)","decl":{"start":{"line":12,"column":62},"end":{"line":12,"column":null}},"loc":{"start":{"line":12,"column":62},"end":{"line":14,"column":4}}}},"branchMap":{},"s":{"0":1,"1":4,"2":4,"3":4,"4":2,"5":2,"6":4,"7":2,"8":2,"9":1,"10":1},"f":{"0":1,"1":4,"2":4,"3":2,"4":2},"b":{}}
,"/Users/lorenzoimperatrice/Documents/coding/digital-humani-js-sdk/src/repositories/TreeRepository/tree.repository.ts": {"path":"/Users/lorenzoimperatrice/Documents/coding/digital-humani-js-sdk/src/repositories/TreeRepository/tree.repository.ts","statementMap":{"0":{"start":{"line":11,"column":0},"end":{"line":11,"column":13}},"1":{"start":{"line":12,"column":2},"end":{"line":12,"column":22}},"2":{"start":{"line":12,"column":22},"end":{"line":12,"column":45}},"3":{"start":{"line":14,"column":18},"end":{"line":24,"column":4}},"4":{"start":{"line":15,"column":16},"end":{"line":15,"column":null}},"5":{"start":{"line":16,"column":8},"end":{"line":16,"column":null}},"6":{"start":{"line":18,"column":4},"end":{"line":23,"column":7}},"7":{"start":{"line":26,"column":18},"end":{"line":28,"column":4}},"8":{"start":{"line":26,"column":37},"end":{"line":26,"column":55}},"9":{"start":{"line":27,"column":4},"end":{"line":27,"column":56}},"10":{"start":{"line":30,"column":18},"end":{"line":32,"column":4}},"11":{"start":{"line":31,"column":4},"end":{"line":31,"column":57}},"12":{"start":{"line":33,"column":0},"end":{"line":33,"column":null}},"13":{"start":{"line":11,"column":13},"end":{"line":11,"column":27}}},"fnMap":{"0":{"name":"(anonymous_13)","decl":{"start":{"line":11,"column":0},"end":{"line":11,"column":13}},"loc":{"start":{"line":11,"column":0},"end":{"line":33,"column":null}}},"1":{"name":"TreeRepository","decl":{"start":{"line":12,"column":2},"end":{"line":12,"column":22}},"loc":{"start":{"line":12,"column":45},"end":{"line":12,"column":49}}},"2":{"name":"(anonymous_15)","decl":{"start":{"line":14,"column":29},"end":{"line":14,"column":36}},"loc":{"start":{"line":17,"column":20},"end":{"line":24,"column":4}}},"3":{"name":"(anonymous_18)","decl":{"start":{"line":26,"column":28},"end":{"line":26,"column":29}},"loc":{"start":{"line":26,"column":55},"end":{"line":28,"column":3}}},"4":{"name":"(anonymous_19)","decl":{"start":{"line":30,"column":31},"end":{"line":30,"column":32}},"loc":{"start":{"line":30,"column":56},"end":{"line":32,"column":3}}}},"branchMap":{},"s":{"0":1,"1":8,"2":8,"3":8,"4":3,"5":3,"6":3,"7":8,"8":3,"9":3,"10":8,"11":2,"12":1,"13":1},"f":{"0":1,"1":8,"2":3,"3":3,"4":2},"b":{}}
,"/Users/lorenzoimperatrice/Documents/coding/digital-humani-js-sdk/src/repositories/UserRepository/user.repository.ts": {"path":"/Users/lorenzoimperatrice/Documents/coding/digital-humani-js-sdk/src/repositories/UserRepository/user.repository.ts","statementMap":{"0":{"start":{"line":5,"column":0},"end":{"line":5,"column":13}},"1":{"start":{"line":6,"column":2},"end":{"line":6,"column":22}},"2":{"start":{"line":6,"column":22},"end":{"line":6,"column":45}},"3":{"start":{"line":8,"column":18},"end":{"line":10,"column":4}},"4":{"start":{"line":8,"column":30},"end":{"line":10,"column":4}},"5":{"start":{"line":9,"column":4},"end":{"line":9,"column":53}},"6":{"start":{"line":11,"column":0},"end":{"line":11,"column":null}},"7":{"start":{"line":5,"column":13},"end":{"line":5,"column":27}}},"fnMap":{"0":{"name":"(anonymous_13)","decl":{"start":{"line":5,"column":0},"end":{"line":5,"column":13}},"loc":{"start":{"line":5,"column":0},"end":{"line":11,"column":null}}},"1":{"name":"UserRepository","decl":{"start":{"line":6,"column":2},"end":{"line":6,"column":22}},"loc":{"start":{"line":6,"column":45},"end":{"line":6,"column":49}}},"2":{"name":"(anonymous_15)","decl":{"start":{"line":8,"column":30},"end":{"line":8,"column":null}},"loc":{"start":{"line":8,"column":30},"end":{"line":10,"column":4}}}},"branchMap":{},"s":{"0":1,"1":2,"2":2,"3":2,"4":2,"5":2,"6":1,"7":1},"f":{"0":1,"1":2,"2":4},"b":{}}
,"/Users/lorenzoimperatrice/Documents/coding/digital-humani-js-sdk/src/services/HttpClient/HttpClient.ts": {"path":"/Users/lorenzoimperatrice/Documents/coding/digital-humani-js-sdk/src/services/HttpClient/HttpClient.ts","statementMap":{"0":{"start":{"line":1,"column":0},"end":{"line":1,"column":45}},"1":{"start":{"line":23,"column":0},"end":{"line":23,"column":13}},"2":{"start":{"line":31,"column":2},"end":{"line":31,"column":14}},"3":{"start":{"line":64,"column":9},"end":{"line":74,"column":4}},"4":{"start":{"line":66,"column":4},"end":{"line":66,"column":null}},"5":{"start":{"line":68,"column":15},"end":{"line":68,"column":24}},"6":{"start":{"line":69,"column":16},"end":{"line":72,"column":null}},"7":{"start":{"line":69,"column":10},"end":{"line":72,"column":null}},"8":{"start":{"line":73,"column":4},"end":{"line":73,"column":20}},"9":{"start":{"line":76,"column":9},"end":{"line":85,"column":4}},"10":{"start":{"line":78,"column":4},"end":{"line":78,"column":null}},"11":{"start":{"line":80,"column":16},"end":{"line":82,"column":null}},"12":{"start":{"line":80,"column":10},"end":{"line":82,"column":null}},"13":{"start":{"line":84,"column":4},"end":{"line":84,"column":20}},"14":{"start":{"line":87,"column":9},"end":{"line":96,"column":4}},"15":{"start":{"line":89,"column":4},"end":{"line":89,"column":null}},"16":{"start":{"line":91,"column":16},"end":{"line":93,"column":null}},"17":{"start":{"line":91,"column":10},"end":{"line":93,"column":null}},"18":{"start":{"line":95,"column":4},"end":{"line":95,"column":20}},"19":{"start":{"line":98,"column":9},"end":{"line":107,"column":4}},"20":{"start":{"line":100,"column":4},"end":{"line":100,"column":null}},"21":{"start":{"line":102,"column":16},"end":{"line":104,"column":null}},"22":{"start":{"line":102,"column":10},"end":{"line":104,"column":null}},"23":{"start":{"line":106,"column":4},"end":{"line":106,"column":20}},"24":{"start":{"line":109,"column":9},"end":{"line":120,"column":4}},"25":{"start":{"line":111,"column":4},"end":{"line":111,"column":null}},"26":{"start":{"line":113,"column":15},"end":{"line":113,"column":24}},"27":{"start":{"line":114,"column":16},"end":{"line":117,"column":null}},"28":{"start":{"line":114,"column":10},"end":{"line":117,"column":null}},"29":{"start":{"line":119,"column":4},"end":{"line":119,"column":20}},"30":{"start":{"line":32,"column":16},"end":{"line":32,"column":48}},"31":{"start":{"line":33,"column":19},"end":{"line":33,"column":55}},"32":{"start":{"line":35,"column":4},"end":{"line":39,"column":null}},"33":{"start":{"line":36,"column":6},"end":{"line":38,"column":8}},"34":{"start":{"line":41,"column":4},"end":{"line":45,"column":null}},"35":{"start":{"line":42,"column":6},"end":{"line":44,"column":8}},"36":{"start":{"line":49,"column":4},"end":{"line":53,"column":null}},"37":{"start":{"line":50,"column":6},"end":{"line":50,"column":56}},"38":{"start":{"line":52,"column":6},"end":{"line":52,"column":48}},"39":{"start":{"line":55,"column":4},"end":{"line":55,"column":67}},"40":{"start":{"line":56,"column":4},"end":{"line":56,"column":50}},"41":{"start":{"line":57,"column":4},"end":{"line":57,"column":48}},"42":{"start":{"line":58,"column":4},"end":{"line":61,"column":6}},"43":{"start":{"line":121,"column":0},"end":{"line":121,"column":null}},"44":{"start":{"line":23,"column":13},"end":{"line":23,"column":25}}},"fnMap":{"0":{"name":"(anonymous_17)","decl":{"start":{"line":23,"column":0},"end":{"line":23,"column":13}},"loc":{"start":{"line":23,"column":0},"end":{"line":121,"column":null}}},"1":{"name":"DuHttpClient","decl":{"start":{"line":31,"column":2},"end":{"line":31,"column":14}},"loc":{"start":{"line":31,"column":43},"end":{"line":62,"column":3}}},"2":{"name":"(anonymous_19)","decl":{"start":{"line":64,"column":15},"end":{"line":64,"column":null}},"loc":{"start":{"line":66,"column":34},"end":{"line":74,"column":4}}},"3":{"name":"(anonymous_22)","decl":{"start":{"line":76,"column":16},"end":{"line":76,"column":null}},"loc":{"start":{"line":78,"column":38},"end":{"line":85,"column":4}}},"4":{"name":"(anonymous_25)","decl":{"start":{"line":87,"column":15},"end":{"line":87,"column":null}},"loc":{"start":{"line":89,"column":37},"end":{"line":96,"column":4}}},"5":{"name":"(anonymous_28)","decl":{"start":{"line":98,"column":17},"end":{"line":98,"column":null}},"loc":{"start":{"line":100,"column":39},"end":{"line":107,"column":4}}},"6":{"name":"(anonymous_31)","decl":{"start":{"line":109,"column":18},"end":{"line":109,"column":null}},"loc":{"start":{"line":111,"column":37},"end":{"line":120,"column":4}}}},"branchMap":{"0":{"loc":{"start":{"line":66,"column":4},"end":{"line":66,"column":null}},"type":"if","locations":[{"start":{"line":66,"column":4},"end":{"line":66,"column":null}}]},"1":{"loc":{"start":{"line":71,"column":20},"end":{"line":71,"column":36}},"type":"cond-expr","locations":[{"start":{"line":71,"column":27},"end":{"line":71,"column":29}},{"start":{"line":71,"column":20},"end":{"line":71,"column":36}}]},"2":{"loc":{"start":{"line":71,"column":20},"end":{"line":71,"column":29}},"type":"binary-expr","locations":[{"start":{"line":71,"column":20},"end":{"line":71,"column":29}},{"start":{"line":71,"column":20},"end":{"line":71,"column":29}}]},"3":{"loc":{"start":{"line":78,"column":4},"end":{"line":78,"column":null}},"type":"if","locations":[{"start":{"line":78,"column":4},"end":{"line":78,"column":null}}]},"4":{"loc":{"start":{"line":80,"column":16},"end":{"line":82,"column":null}},"type":"switch","locations":[{"start":{"line":80,"column":16},"end":{"line":82,"column":null}}]},"5":{"loc":{"start":{"line":80,"column":54},"end":{"line":80,"column":67}},"type":"cond-expr","locations":[{"start":{"line":80,"column":61},"end":{"line":80,"column":63}},{"start":{"line":80,"column":54},"end":{"line":80,"column":67}}]},"6":{"loc":{"start":{"line":80,"column":54},"end":{"line":80,"column":63}},"type":"binary-expr","locations":[{"start":{"line":80,"column":54},"end":{"line":80,"column":63}},{"start":{"line":80,"column":54},"end":{"line":80,"column":63}}]},"7":{"loc":{"start":{"line":81,"column":20},"end":{"line":81,"column":36}},"type":"cond-expr","locations":[{"start":{"line":81,"column":27},"end":{"line":81,"column":29}},{"start":{"line":81,"column":20},"end":{"line":81,"column":36}}]},"8":{"loc":{"start":{"line":81,"column":20},"end":{"line":81,"column":29}},"type":"binary-expr","locations":[{"start":{"line":81,"column":20},"end":{"line":81,"column":29}},{"start":{"line":81,"column":20},"end":{"line":81,"column":29}}]},"9":{"loc":{"start":{"line":89,"column":4},"end":{"line":89,"column":null}},"type":"if","locations":[{"start":{"line":89,"column":4},"end":{"line":89,"column":null}}]},"10":{"loc":{"start":{"line":91,"column":16},"end":{"line":93,"column":null}},"type":"switch","locations":[{"start":{"line":91,"column":16},"end":{"line":93,"column":null}}]},"11":{"loc":{"start":{"line":91,"column":53},"end":{"line":91,"column":66}},"type":"cond-expr","locations":[{"start":{"line":91,"column":60},"end":{"line":91,"column":62}},{"start":{"line":91,"column":53},"end":{"line":91,"column":66}}]},"12":{"loc":{"start":{"line":91,"column":53},"end":{"line":91,"column":62}},"type":"binary-expr","locations":[{"start":{"line":91,"column":53},"end":{"line":91,"column":62}},{"start":{"line":91,"column":53},"end":{"line":91,"column":62}}]},"13":{"loc":{"start":{"line":92,"column":20},"end":{"line":92,"column":36}},"type":"cond-expr","locations":[{"start":{"line":92,"column":27},"end":{"line":92,"column":29}},{"start":{"line":92,"column":20},"end":{"line":92,"column":36}}]},"14":{"loc":{"start":{"line":92,"column":20},"end":{"line":92,"column":29}},"type":"binary-expr","locations":[{"start":{"line":92,"column":20},"end":{"line":92,"column":29}},{"start":{"line":92,"column":20},"end":{"line":92,"column":29}}]},"15":{"loc":{"start":{"line":100,"column":4},"end":{"line":100,"column":null}},"type":"if","locations":[{"start":{"line":100,"column":4},"end":{"line":100,"column":null}}]},"16":{"loc":{"start":{"line":102,"column":16},"end":{"line":104,"column":null}},"type":"switch","locations":[{"start":{"line":102,"column":16},"end":{"line":104,"column":null}}]},"17":{"loc":{"start":{"line":102,"column":55},"end":{"line":102,"column":68}},"type":"cond-expr","locations":[{"start":{"line":102,"column":62},"end":{"line":102,"column":64}},{"start":{"line":102,"column":55},"end":{"line":102,"column":68}}]},"18":{"loc":{"start":{"line":102,"column":55},"end":{"line":102,"column":64}},"type":"binary-expr","locations":[{"start":{"line":102,"column":55},"end":{"line":102,"column":64}},{"start":{"line":102,"column":55},"end":{"line":102,"column":64}}]},"19":{"loc":{"start":{"line":103,"column":20},"end":{"line":103,"column":36}},"type":"cond-expr","locations":[{"start":{"line":103,"column":27},"end":{"line":103,"column":29}},{"start":{"line":103,"column":20},"end":{"line":103,"column":36}}]},"20":{"loc":{"start":{"line":103,"column":20},"end":{"line":103,"column":29}},"type":"binary-expr","locations":[{"start":{"line":103,"column":20},"end":{"line":103,"column":29}},{"start":{"line":103,"column":20},"end":{"line":103,"column":29}}]},"21":{"loc":{"start":{"line":111,"column":4},"end":{"line":111,"column":null}},"type":"if","locations":[{"start":{"line":111,"column":4},"end":{"line":111,"column":null}}]},"22":{"loc":{"start":{"line":116,"column":20},"end":{"line":116,"column":36}},"type":"cond-expr","locations":[{"start":{"line":116,"column":27},"end":{"line":116,"column":29}},{"start":{"line":116,"column":20},"end":{"line":116,"column":36}}]},"23":{"loc":{"start":{"line":116,"column":20},"end":{"line":116,"column":29}},"type":"binary-expr","locations":[{"start":{"line":116,"column":20},"end":{"line":116,"column":29}},{"start":{"line":116,"column":20},"end":{"line":116,"column":29}}]},"24":{"loc":{"start":{"line":35,"column":4},"end":{"line":39,"column":null}},"type":"if","locations":[{"start":{"line":35,"column":4},"end":{"line":39,"column":null}}]},"25":{"loc":{"start":{"line":35,"column":8},"end":{"line":35,"column":43}},"type":"binary-expr","locations":[{"start":{"line":35,"column":8},"end":{"line":35,"column":22}},{"start":{"line":35,"column":26},"end":{"line":35,"column":43}}]},"26":{"loc":{"start":{"line":41,"column":4},"end":{"line":45,"column":null}},"type":"if","locations":[{"start":{"line":41,"column":4},"end":{"line":45,"column":null}}]},"27":{"loc":{"start":{"line":49,"column":4},"end":{"line":53,"column":null}},"type":"if","locations":[{"start":{"line":49,"column":4},"end":{"line":53,"column":null}},{"start":{"line":51,"column":11},"end":{"line":53,"column":null}}]},"28":{"loc":{"start":{"line":55,"column":25},"end":{"line":55,"column":66}},"type":"cond-expr","locations":[{"start":{"line":55,"column":46},"end":{"line":55,"column":50}},{"start":{"line":55,"column":50},"end":{"line":55,"column":66}}]},"29":{"loc":{"start":{"line":55,"column":25},"end":{"line":55,"column":50}},"type":"binary-expr","locations":[{"start":{"line":55,"column":25},"end":{"line":55,"column":50}},{"start":{"line":55,"column":46},"end":{"line":55,"column":50}}]},"30":{"loc":{"start":{"line":55,"column":25},"end":{"line":55,"column":46}},"type":"cond-expr","locations":[{"start":{"line":55,"column":31},"end":{"line":55,"column":33}},{"start":{"line":55,"column":25},"end":{"line":55,"column":46}}]},"31":{"loc":{"start":{"line":55,"column":25},"end":{"line":55,"column":33}},"type":"binary-expr","locations":[{"start":{"line":55,"column":25},"end":{"line":55,"column":33}},{"start":{"line":55,"column":25},"end":{"line":55,"column":33}}]}},"s":{"0":1,"1":1,"2":29,"3":29,"4":6,"5":4,"6":4,"7":4,"8":4,"9":29,"10":6,"11":4,"12":4,"13":4,"14":29,"15":6,"16":4,"17":4,"18":4,"19":29,"20":6,"21":4,"22":4,"23":4,"24":29,"25":6,"26":4,"27":4,"28":4,"29":4,"30":29,"31":29,"32":29,"33":1,"34":28,"35":1,"36":27,"37":26,"38":1,"39":27,"40":27,"41":27,"42":27,"43":1,"44":1},"f":{"0":1,"1":29,"2":4,"3":4,"4":4,"5":4,"6":4},"b":{"0":[2],"1":[0,4],"2":[4,4],"3":[2],"4":[4],"5":[0,4],"6":[4,4],"7":[0,4],"8":[4,4],"9":[2],"10":[4],"11":[0,4],"12":[4,4],"13":[0,4],"14":[4,4],"15":[2],"16":[4],"17":[0,4],"18":[4,4],"19":[0,4],"20":[4,4],"21":[2],"22":[0,4],"23":[4,4],"24":[1],"25":[29,28],"26":[1],"27":[26,1],"28":[27,0],"29":[27,27],"30":[0,27],"31":[27,27]}}
}
