TN:
SF:src/repositories/EnterpriseRepository/enterprise.repository.ts
FN:9,(anonymous_0)
FN:10,EnterpriseRepository
FN:12,(anonymous_2)
FN:16,(anonymous_3)
FN:33,(anonymous_4)
FN:42,(anonymous_5)
FNF:6
FNH:6
FNDA:1,(anonymous_0)
FNDA:7,EnterpriseRepository
FNDA:2,(anonymous_2)
FNDA:5,(anonymous_3)
FNDA:2,(anonymous_4)
FNDA:3,(anonymous_5)
DA:9,1
DA:10,7
DA:12,7
DA:13,2
DA:16,7
DA:17,5
DA:18,5
DA:19,5
DA:20,5
DA:22,5
DA:23,2
DA:24,3
DA:25,3
DA:28,0
DA:33,7
DA:37,2
DA:42,7
DA:47,3
DA:54,1
LF:19
LH:18
BRDA:22,0,0,2
BRDA:22,0,1,3
BRDA:24,1,0,3
BRDA:24,2,0,3
BRDA:24,2,1,3
BRF:5
BRH:5
end_of_record
TN:
SF:src/repositories/ProjectRepository/project.repository.ts
FN:5,(anonymous_13)
FN:6,ProjectRepository
FN:8,(anonymous_15)
FN:12,(anonymous_18)
FN:12,(anonymous_19)
FNF:5
FNH:5
FNDA:1,(anonymous_13)
FNDA:4,ProjectRepository
FNDA:4,(anonymous_15)
FNDA:2,(anonymous_18)
FNDA:2,(anonymous_19)
DA:5,1
DA:6,4
DA:8,4
DA:9,2
DA:12,4
DA:13,2
DA:15,1
LF:7
LH:7
BRF:0
BRH:0
end_of_record
TN:
SF:src/repositories/TreeRepository/tree.repository.ts
FN:11,(anonymous_13)
FN:12,TreeRepository
FN:14,(anonymous_15)
FN:26,(anonymous_18)
FN:30,(anonymous_19)
FNF:5
FNH:5
FNDA:1,(anonymous_13)
FNDA:8,TreeRepository
FNDA:3,(anonymous_15)
FNDA:3,(anonymous_18)
FNDA:2,(anonymous_19)
DA:11,1
DA:12,8
DA:14,8
DA:15,3
DA:16,3
DA:18,3
DA:26,8
DA:27,3
DA:30,8
DA:31,2
DA:33,1
LF:11
LH:11
BRF:0
BRH:0
end_of_record
TN:
SF:src/repositories/UserRepository/user.repository.ts
FN:5,(anonymous_13)
FN:6,UserRepository
FN:8,(anonymous_15)
FNF:3
FNH:3
FNDA:1,(anonymous_13)
FNDA:2,UserRepository
FNDA:4,(anonymous_15)
DA:5,1
DA:6,2
DA:8,2
DA:9,2
DA:11,1
LF:5
LH:5
BRF:0
BRH:0
end_of_record
TN:
SF:src/services/HttpClient/HttpClient.ts
FN:23,(anonymous_17)
FN:31,DuHttpClient
FN:64,(anonymous_19)
FN:76,(anonymous_22)
FN:87,(anonymous_25)
FN:98,(anonymous_28)
FN:109,(anonymous_31)
FNF:7
FNH:7
FNDA:1,(anonymous_17)
FNDA:29,DuHttpClient
FNDA:4,(anonymous_19)
FNDA:4,(anonymous_22)
FNDA:4,(anonymous_25)
FNDA:4,(anonymous_28)
FNDA:4,(anonymous_31)
DA:1,1
DA:23,1
DA:31,29
DA:32,29
DA:33,29
DA:35,29
DA:36,1
DA:41,28
DA:42,1
DA:49,27
DA:50,26
DA:52,1
DA:55,27
DA:56,27
DA:57,27
DA:58,27
DA:64,29
DA:66,6
DA:68,4
DA:69,4
DA:73,4
DA:76,29
DA:78,6
DA:80,4
DA:84,4
DA:87,29
DA:89,6
DA:91,4
DA:95,4
DA:98,29
DA:100,6
DA:102,4
DA:106,4
DA:109,29
DA:111,6
DA:113,4
DA:114,4
DA:119,4
DA:121,1
LF:39
LH:39
BRDA:66,0,0,2
BRDA:71,1,0,0
BRDA:71,1,1,4
BRDA:71,2,0,4
BRDA:71,2,1,4
BRDA:78,3,0,2
BRDA:80,4,0,4
BRDA:80,5,0,0
BRDA:80,5,1,4
BRDA:80,6,0,4
BRDA:80,6,1,4
BRDA:81,7,0,0
BRDA:81,7,1,4
BRDA:81,8,0,4
BRDA:81,8,1,4
BRDA:89,9,0,2
BRDA:91,10,0,4
BRDA:91,11,0,0
BRDA:91,11,1,4
BRDA:91,12,0,4
BRDA:91,12,1,4
BRDA:92,13,0,0
BRDA:92,13,1,4
BRDA:92,14,0,4
BRDA:92,14,1,4
BRDA:100,15,0,2
BRDA:102,16,0,4
BRDA:102,17,0,0
BRDA:102,17,1,4
BRDA:102,18,0,4
BRDA:102,18,1,4
BRDA:103,19,0,0
BRDA:103,19,1,4
BRDA:103,20,0,4
BRDA:103,20,1,4
BRDA:111,21,0,2
BRDA:116,22,0,0
BRDA:116,22,1,4
BRDA:116,23,0,4
BRDA:116,23,1,4
BRDA:35,24,0,1
BRDA:35,25,0,29
BRDA:35,25,1,28
BRDA:41,26,0,1
BRDA:49,27,0,26
BRDA:49,27,1,1
BRDA:55,28,0,27
BRDA:55,28,1,0
BRDA:55,29,0,27
BRDA:55,29,1,27
BRDA:55,30,0,0
BRDA:55,30,1,27
BRDA:55,31,0,27
BRDA:55,31,1,27
BRF:54
BRH:44
end_of_record
